[1.0, '1', 'start', '学习-小恐龙图标完善孩子信息', '']
['', '1', 'login', '18555258798', '']
['', '2', 'fc_xpath_click', '//*[@text="学习"]', '']
['', '3', 'fc_id_click', 'iv_home_study_header_image', '']
['', '4', 'fc_id_input', 'et_edit_child_profile_name', '孩子昵称14']
['', '5', 'fc_xpath_click', '//*[@text="孩子生日"]', '']
['', '6', 'fc_xpath_click', '//*[@text="30"]', '']
['', '7', 'fc_xpath_click', '//*[@text="确定"]', '']
['', '8', 'fc_xpath_click', '//*[@text="孩子性别"]', '']
['', '9', 'fc_xpath_click', '//*[@text="男"]', '']
['', '10', 'fc_xpath_click', '//*[@text="保存"]', '']
['', '11', 'end', '', '']
[2.0, '2', 'start', '学习-学习管理冒烟检查', '']
['', '1', 'login', '18555258798', '']
['', '2', 'fc_xpath_click', '//*[@text="学习"]', '']
['', '3', 'fc_xpath_click', '//*[@text="最近学习"]', '']
['', '4', 'find_element_xpath', '//*[@text="最近学习"]', '/hierarchy/android.widget.FrameLayout/android.widget.LinearLayout/android.widget.FrameLayout/android.widget.LinearLayout/android.widget.FrameLayout/android.widget.LinearLayout/android.view.ViewGroup/android.widget.ImageButton\n']
['', '5', 'fc_classname_click', 'android.widget.ImageButton', '']
['', '6', 'fc_xpath_click', '//*[@text="我的课程"]', '']
['', '7', 'find_element_xpath', '//*[@text="综合排序"]', '//*[@text="筛选"]']
['', '8', 'fc_xpath_click', '//*[@text="综合排序"]', '']
['', '9', 'fc_xpath_click', '//*[@text="筛选"]', '']
['', '10', 'fc_classname_click', 'android.widget.ImageButton', '']
['', '11', 'fc_xpath_click', '//*[@text="荣誉证书"]', '']
['', '12', 'find_element_xpath', '//*[@text="能力证书"]', '//*[@text="学习证书"]']
['', '13', 'fc_xpath_click', '//*[@text="能力证书"]', '']
['', '14', 'fc_xpath_click', '//*[@text="学习证书"]', '']
['', '15', 'fc_classname_click', 'android.widget.ImageButton', '']
['', '16', 'fc_xpath_click', '//*[@text="我的收藏"]', '']
['', '17', 'find_element_xpath', '//*[@text="课程"]', '//*[@text="故事"]']
['', '18', 'fc_xpath_click', '//*[@text="课程"]', '']
['', '19', 'fc_xpath_click', '//*[@text="故事"]', '']
['', '20', 'fc_classname_click', 'android.widget.ImageButton', '']
['', '21', 'end', '', '']
------------------------------------
start
['1', '学习-小恐龙图标完善孩子信息', '']
------------------------------------
login
['1', '18555258798', '']
登录模式3-免登录
18134727
1-1:  成功
------------------------------------
fc_xpath_click
['2', '//*[@text="学习"]', '']
1-2:  成功
------------------------------------
fc_id_click
['3', 'iv_home_study_header_image', '']
1-3:  成功
------------------------------------
fc_id_input
['4', 'et_edit_child_profile_name', '孩子昵称14']
1-4:  成功
------------------------------------
fc_xpath_click
['5', '//*[@text="孩子生日"]', '']
1-5:  成功
------------------------------------
fc_xpath_click
['6', '//*[@text="30"]', '']
1-6:  成功
------------------------------------
fc_xpath_click
['7', '//*[@text="确定"]', '']
1-7:  成功
------------------------------------
fc_xpath_click
['8', '//*[@text="孩子性别"]', '']
1-8:  成功
------------------------------------
fc_xpath_click
['9', '//*[@text="男"]', '']
1-9:  成功
------------------------------------
fc_xpath_click
['10', '//*[@text="保存"]', '']
1-10:  成功
------------------------------------
end
['11', '', '']
['1', '2020-06-02 20:13:24', '学习-小恐龙图标完善孩子信息', '成功', '']
------------------------------------
start
['2', '学习-学习管理冒烟检查', '']
------------------------------------
login
['1', '18555258798', '']
登录模式3-免登录
18134727
2-1:  成功
------------------------------------
fc_xpath_click
['2', '//*[@text="学习"]', '']
2-2:  成功
------------------------------------
fc_xpath_click
['3', '//*[@text="最近学习"]', '']
2-3:  成功
------------------------------------
find_element_xpath
['4', '//*[@text="最近学习"]', '/hierarchy/android.widget.FrameLayout/android.widget.LinearLayout/android.widget.FrameLayout/android.widget.LinearLayout/android.widget.FrameLayout/android.widget.LinearLayout/android.view.ViewGroup/android.widget.ImageButton\n']
2-4:  成功
------------------------------------
fc_classname_click
['5', 'android.widget.ImageButton', '']
2-5:  成功
------------------------------------
fc_xpath_click
['6', '//*[@text="我的课程"]', '']
2-6:  成功
------------------------------------
find_element_xpath
['7', '//*[@text="综合排序"]', '//*[@text="筛选"]']
2-7:  成功
------------------------------------
fc_xpath_click
['8', '//*[@text="综合排序"]', '']
2-8:  成功
------------------------------------
fc_xpath_click
['9', '//*[@text="筛选"]', '']
2-9:  成功
------------------------------------
fc_classname_click
['10', 'android.widget.ImageButton', '']
2-10:  成功
------------------------------------
fc_xpath_click
['11', '//*[@text="荣誉证书"]', '']
2-11:  成功
------------------------------------
find_element_xpath
['12', '//*[@text="能力证书"]', '//*[@text="学习证书"]']
2-12:  成功
------------------------------------
fc_xpath_click
['13', '//*[@text="能力证书"]', '']
2-13:  成功
------------------------------------
fc_xpath_click
['14', '//*[@text="学习证书"]', '']
2-14:  成功
------------------------------------
fc_classname_click
['15', 'android.widget.ImageButton', '']
2-15:  成功
------------------------------------
fc_xpath_click
['16', '//*[@text="我的收藏"]', '']
2-16:  成功
------------------------------------
find_element_xpath
['17', '//*[@text="课程"]', '//*[@text="故事"]']
2-17:  成功
------------------------------------
fc_xpath_click
['18', '//*[@text="课程"]', '']
2-18:  成功
------------------------------------
fc_xpath_click
['19', '//*[@text="故事"]', '']
2-19:  成功
------------------------------------
fc_classname_click
['20', 'android.widget.ImageButton', '']
2-20:  成功
------------------------------------
end
['21', '', '']
['2', '2020-06-02 20:14:06', '学习-学习管理冒烟检查', '成功', '']
